Started GET "/" for 127.0.0.1 at 2018-08-22 20:15:24 +0700
  [1m[35m (0.1ms)[0m  [1m[34mSELECT "schema_migrations"."version" FROM "schema_migrations" ORDER BY "schema_migrations"."version" ASC[0m
Processing by ReviewBooksController#home as HTML
  Rendering review_books/home.html.erb within layouts/application
  Rendered review_books/home.html.erb within layouts/application (4.2ms)
Completed 200 OK in 145ms (Views: 139.7ms | ActiveRecord: 0.0ms)


Started GET "/" for 127.0.0.1 at 2018-08-22 20:15:26 +0700
Processing by ReviewBooksController#home as HTML
  Rendering review_books/home.html.erb within layouts/application
  Rendered review_books/home.html.erb within layouts/application (0.6ms)
Completed 200 OK in 20ms (Views: 19.6ms | ActiveRecord: 0.0ms)


Started GET "/" for 127.0.0.1 at 2018-08-22 20:15:27 +0700
Processing by ReviewBooksController#home as HTML
  Rendering review_books/home.html.erb within layouts/application
  Rendered review_books/home.html.erb within layouts/application (6.2ms)
Completed 200 OK in 124ms (Views: 121.9ms | ActiveRecord: 0.0ms)


Started GET "/" for 127.0.0.1 at 2018-08-22 20:15:27 +0700
Processing by ReviewBooksController#home as HTML
  Rendering review_books/home.html.erb within layouts/application
  Rendered review_books/home.html.erb within layouts/application (1.8ms)
Completed 200 OK in 104ms (Views: 100.7ms | ActiveRecord: 0.0ms)


Started GET "/" for 127.0.0.1 at 2018-08-22 20:15:28 +0700
Processing by ReviewBooksController#home as HTML
  Rendering review_books/home.html.erb within layouts/application
  Rendered review_books/home.html.erb within layouts/application (2.1ms)
Completed 200 OK in 119ms (Views: 116.9ms | ActiveRecord: 0.0ms)


Started GET "/" for 127.0.0.1 at 2018-08-22 20:15:28 +0700
Processing by ReviewBooksController#home as HTML
  Rendering review_books/home.html.erb within layouts/application
  Rendered review_books/home.html.erb within layouts/application (2.7ms)
Completed 200 OK in 110ms (Views: 106.8ms | ActiveRecord: 0.0ms)


Started GET "/" for 127.0.0.1 at 2018-08-22 20:15:29 +0700
Processing by ReviewBooksController#home as HTML
  Rendering review_books/home.html.erb within layouts/application
  Rendered review_books/home.html.erb within layouts/application (1.7ms)
Completed 200 OK in 84ms (Views: 82.2ms | ActiveRecord: 0.0ms)


Started GET "/" for 127.0.0.1 at 2018-08-22 20:15:30 +0700
Processing by ReviewBooksController#home as HTML
  Rendering review_books/home.html.erb within layouts/application
  Rendered review_books/home.html.erb within layouts/application (1.8ms)
Completed 200 OK in 83ms (Views: 80.8ms | ActiveRecord: 0.0ms)


Started GET "/" for 127.0.0.1 at 2018-08-22 20:15:56 +0700
Processing by ReviewBooksController#home as HTML
  Rendering review_books/home.html.erb within layouts/application
  Rendered review_books/home.html.erb within layouts/application (1.9ms)
Completed 200 OK in 54ms (Views: 52.3ms | ActiveRecord: 0.0ms)


Started GET "/" for 127.0.0.1 at 2018-08-22 20:16:05 +0700
Processing by ReviewBooksController#home as HTML
  Rendering review_books/home.html.erb within layouts/application
  Rendered review_books/home.html.erb within layouts/application (1.7ms)
Completed 200 OK in 73ms (Views: 71.4ms | ActiveRecord: 0.0ms)


Started GET "/" for 127.0.0.1 at 2018-08-22 20:16:05 +0700
Processing by ReviewBooksController#home as HTML
  Rendering review_books/home.html.erb within layouts/application
  Rendered review_books/home.html.erb within layouts/application (1.6ms)
Completed 200 OK in 77ms (Views: 75.1ms | ActiveRecord: 0.0ms)


Started GET "/" for 127.0.0.1 at 2018-08-22 20:16:06 +0700
Processing by ReviewBooksController#home as HTML
  Rendering review_books/home.html.erb within layouts/application
  Rendered review_books/home.html.erb within layouts/application (1.7ms)
Completed 200 OK in 94ms (Views: 92.2ms | ActiveRecord: 0.0ms)


Started GET "/signup" for 127.0.0.1 at 2018-08-22 20:16:07 +0700
Processing by UsersController#new as HTML
  Rendering users/new.html.erb within layouts/application
  Rendered shared/_error_messages.html.erb (0.8ms)
  Rendered users/_form.html.erb (16.9ms)
  Rendered users/new.html.erb within layouts/application (19.0ms)
Completed 200 OK in 86ms (Views: 44.8ms | ActiveRecord: 2.0ms)


Started GET "/signup" for 127.0.0.1 at 2018-08-22 20:16:09 +0700
Processing by UsersController#new as HTML
  Rendering users/new.html.erb within layouts/application
  Rendered shared/_error_messages.html.erb (0.7ms)
  Rendered users/_form.html.erb (5.5ms)
  Rendered users/new.html.erb within layouts/application (7.6ms)
Completed 200 OK in 46ms (Views: 42.9ms | ActiveRecord: 0.0ms)


Started GET "/" for 127.0.0.1 at 2018-08-22 20:16:43 +0700
Processing by ReviewBooksController#home as HTML
  Rendering review_books/home.html.erb within layouts/application
  Rendered review_books/home.html.erb within layouts/application (1.7ms)
Completed 200 OK in 78ms (Views: 76.2ms | ActiveRecord: 0.0ms)


Started GET "/" for 127.0.0.1 at 2018-08-22 20:16:48 +0700
Processing by ReviewBooksController#home as HTML
  Rendering review_books/home.html.erb within layouts/application
  Rendered review_books/home.html.erb within layouts/application (1.6ms)
Completed 200 OK in 94ms (Views: 92.0ms | ActiveRecord: 0.0ms)


Started GET "/" for 127.0.0.1 at 2018-08-22 20:16:48 +0700
Processing by ReviewBooksController#home as HTML
  Rendering review_books/home.html.erb within layouts/application
  Rendered review_books/home.html.erb within layouts/application (1.8ms)
Completed 200 OK in 83ms (Views: 80.9ms | ActiveRecord: 0.0ms)


Started GET "/" for 127.0.0.1 at 2018-08-22 20:16:49 +0700
Processing by ReviewBooksController#home as HTML
  Rendering review_books/home.html.erb within layouts/application
  Rendered review_books/home.html.erb within layouts/application (1.8ms)
Completed 200 OK in 77ms (Views: 75.0ms | ActiveRecord: 0.0ms)


Started GET "/" for 127.0.0.1 at 2018-08-22 20:16:50 +0700
Processing by ReviewBooksController#home as HTML
  Rendering review_books/home.html.erb within layouts/application
  Rendered review_books/home.html.erb within layouts/application (1.8ms)
Completed 200 OK in 81ms (Views: 78.5ms | ActiveRecord: 0.0ms)


Started GET "/" for 127.0.0.1 at 2018-08-22 20:16:50 +0700
Processing by ReviewBooksController#home as HTML
  Rendering review_books/home.html.erb within layouts/application
  Rendered review_books/home.html.erb within layouts/application (1.7ms)
Completed 200 OK in 97ms (Views: 94.6ms | ActiveRecord: 0.0ms)


Started GET "/" for 127.0.0.1 at 2018-08-22 20:16:51 +0700
Processing by ReviewBooksController#home as HTML
  Rendering review_books/home.html.erb within layouts/application
  Rendered review_books/home.html.erb within layouts/application (3.3ms)
Completed 200 OK in 84ms (Views: 81.5ms | ActiveRecord: 0.0ms)


Started GET "/" for 127.0.0.1 at 2018-08-22 20:17:27 +0700
Processing by ReviewBooksController#home as HTML
  Rendering review_books/home.html.erb within layouts/application
  Rendered review_books/home.html.erb within layouts/application (1.7ms)
Completed 200 OK in 72ms (Views: 69.3ms | ActiveRecord: 0.0ms)


Started GET "/" for 127.0.0.1 at 2018-08-22 20:17:27 +0700
Processing by ReviewBooksController#home as HTML
  Rendering review_books/home.html.erb within layouts/application
  Rendered review_books/home.html.erb within layouts/application (1.7ms)
Completed 200 OK in 94ms (Views: 91.2ms | ActiveRecord: 0.0ms)


Started GET "/" for 127.0.0.1 at 2018-08-22 20:17:37 +0700
Processing by ReviewBooksController#home as HTML
  Rendering review_books/home.html.erb within layouts/application
  Rendered review_books/home.html.erb within layouts/application (1.7ms)
Completed 200 OK in 84ms (Views: 81.1ms | ActiveRecord: 0.0ms)


Started GET "/" for 127.0.0.1 at 2018-08-22 20:17:38 +0700
Processing by ReviewBooksController#home as HTML
  Rendering review_books/home.html.erb within layouts/application
  Rendered review_books/home.html.erb within layouts/application (4.6ms)
Completed 200 OK in 76ms (Views: 73.8ms | ActiveRecord: 0.0ms)


Started GET "/" for 127.0.0.1 at 2018-08-22 20:17:39 +0700
Processing by ReviewBooksController#home as HTML
  Rendering review_books/home.html.erb within layouts/application
  Rendered review_books/home.html.erb within layouts/application (1.8ms)
Completed 200 OK in 81ms (Views: 78.8ms | ActiveRecord: 0.0ms)


Started GET "/" for 127.0.0.1 at 2018-08-22 20:18:27 +0700
Processing by ReviewBooksController#home as HTML
  Rendering review_books/home.html.erb within layouts/application
  Rendered review_books/home.html.erb within layouts/application (1.2ms)
Completed 500 Internal Server Error in 53ms (ActiveRecord: 0.0ms)


  
ActionView::Template::Error (Missing partial review_books/_header, application/_header with {:locale=>[:en], :formats=>[:html], :variants=>[], :handlers=>[:raw, :erb, :html, :builder, :ruby, :coffee, :jbuilder]}. Searched in:
  * "/home/student/pr1802-review-books/app/views"
):
    12:     <![endif]-->
    13:   </head>
    14:   <body>
    15:     <%= render "header" %>
    16:     <div class="container">
    17:       <%= yield %>
    18:     </div>
  
app/views/layouts/application.html.erb:15:in `_app_views_layouts_application_html_erb___2739052628393296928_70090564891140'
Started GET "/" for 127.0.0.1 at 2018-08-22 20:19:02 +0700
Processing by ReviewBooksController#home as HTML
  Rendering review_books/home.html.erb within layouts/application
  Rendered review_books/home.html.erb within layouts/application (2.3ms)
Completed 500 Internal Server Error in 66ms (ActiveRecord: 0.0ms)


  
ActionView::Template::Error (Missing partial /_header with {:locale=>[:en], :formats=>[:html], :variants=>[], :handlers=>[:raw, :erb, :html, :builder, :ruby, :coffee, :jbuilder]}. Searched in:
  * "/home/student/pr1802-review-books/app/views"
):
    12:     <![endif]-->
    13:   </head>
    14:   <body>
    15:     <%= render "/header" %>
    16:     <div class="container">
    17:       <%= yield %>
    18:     </div>
  
app/views/layouts/application.html.erb:15:in `_app_views_layouts_application_html_erb___2739052628393296928_70090565110700'
Started GET "/" for 127.0.0.1 at 2018-08-22 20:19:52 +0700
  [1m[35m (0.1ms)[0m  [1m[34mSELECT "schema_migrations"."version" FROM "schema_migrations" ORDER BY "schema_migrations"."version" ASC[0m
Processing by ReviewBooksController#home as HTML
  Rendering review_books/home.html.erb within layouts/application
  Rendered review_books/home.html.erb within layouts/application (3.0ms)
Completed 500 Internal Server Error in 144ms (ActiveRecord: 0.0ms)


  
ActionView::Template::Error (Missing partial review_books/_header, application/_header with {:locale=>[:en], :formats=>[:html], :variants=>[], :handlers=>[:raw, :erb, :html, :builder, :ruby, :coffee, :jbuilder]}. Searched in:
  * "/home/student/pr1802-review-books/app/views"
):
    12:     <![endif]-->
    13:   </head>
    14:   <body>
    15:     <%= render "header" %>
    16:     <div class="container">
    17:       <%= yield %>
    18:     </div>
  
app/views/layouts/application.html.erb:15:in `_app_views_layouts_application_html_erb___3195859023418304573_69873182796860'
Started GET "/" for 127.0.0.1 at 2018-08-22 20:21:13 +0700
Processing by ReviewBooksController#home as HTML
  Rendering review_books/home.html.erb within layouts/application
  Rendered review_books/home.html.erb within layouts/application (0.7ms)
  Rendered layouts/_header.html.erb (204.0ms)
Completed 500 Internal Server Error in 244ms (ActiveRecord: 0.0ms)


  
ActionView::Template::Error (undefined local variable or method `help_path' for #<#<Class:0x00007f193c785d78>:0x00007f193d57d368>):
    4:     <nav>
    5:       <ul class="nav navbar-nav navbar-right">
    6:         <li><%= link_to "Home", root_path %></li>
    7:         <li><%= link_to "Help", help_path %></li>
    8:         <% if logged_in? %>
    9:           <li><%= link_to "Users", users_path %></li>
   10:           <li class="dropdown">
  
app/views/layouts/_header.html.erb:7:in `_app_views_layouts__header_html_erb___1891715042515089113_69873199182760'
app/views/layouts/application.html.erb:15:in `_app_views_layouts_application_html_erb___3195859023418304573_69873190234520'
Started GET "/" for 127.0.0.1 at 2018-08-22 20:21:44 +0700
Processing by ReviewBooksController#home as HTML
  Rendering review_books/home.html.erb within layouts/application
  Rendered review_books/home.html.erb within layouts/application (0.5ms)
  [1m[36mUser Load (0.1ms)[0m  [1m[34mSELECT  "users".* FROM "users" WHERE "users"."id" = ? LIMIT ?[0m  [["id", 1], ["LIMIT", 1]]
  Rendered layouts/_header.html.erb (14.4ms)
Completed 200 OK in 44ms (Views: 42.7ms | ActiveRecord: 0.8ms)


Started DELETE "/logout" for 127.0.0.1 at 2018-08-22 20:21:49 +0700
Processing by SessionsController#destroy as HTML
  Parameters: {"authenticity_token"=>"eLXGzMjySRYqrtb7jd3W99Zc5xse6JAXCJGDS040erekpDENZvM5/WnTytxNZjVhmoRbDehX/qwka7Ajs+ih0g=="}
  [1m[36mUser Load (0.2ms)[0m  [1m[34mSELECT  "users".* FROM "users" WHERE "users"."id" = ? LIMIT ?[0m  [["id", 1], ["LIMIT", 1]]
  [1m[35m (0.3ms)[0m  [1m[36mbegin transaction[0m
  [1m[35m (0.1ms)[0m  [1m[36mcommit transaction[0m
Redirected to http://localhost:3000/
Completed 302 Found in 7ms (ActiveRecord: 0.6ms)


Started GET "/" for 127.0.0.1 at 2018-08-22 20:21:49 +0700
Processing by ReviewBooksController#home as HTML
  Rendering review_books/home.html.erb within layouts/application
  Rendered review_books/home.html.erb within layouts/application (0.8ms)
  Rendered layouts/_header.html.erb (2.7ms)
Completed 200 OK in 33ms (Views: 31.9ms | ActiveRecord: 0.0ms)


Started GET "/login" for 127.0.0.1 at 2018-08-22 20:21:52 +0700
Processing by SessionsController#new as HTML
  Rendering sessions/new.html.erb within layouts/application
  Rendered sessions/new.html.erb within layouts/application (5.4ms)
  Rendered layouts/_header.html.erb (0.6ms)
Completed 200 OK in 30ms (Views: 29.3ms | ActiveRecord: 0.0ms)


Started POST "/login" for 127.0.0.1 at 2018-08-22 20:22:08 +0700
Processing by SessionsController#create as HTML
  Parameters: {"utf8"=>"✓", "authenticity_token"=>"Ts/pbCJwbR1szKia4xNim9zbtQCoI6Y8jYOlyaaFlsnn1X017htX8WsDEPAYCHWZwpeTyNUEbp8unpaDMzEIbw==", "session"=>{"email"=>"tranqtrung1124@gmail.com", "password"=>"[FILTERED]", "remember_me"=>"0"}, "commit"=>"Log in"}
  [1m[36mUser Load (0.2ms)[0m  [1m[34mSELECT  "users".* FROM "users" WHERE "users"."email" = ? LIMIT ?[0m  [["email", "tranqtrung1124@gmail.com"], ["LIMIT", 1]]
  [1m[35m (0.1ms)[0m  [1m[36mbegin transaction[0m
  [1m[35m (0.0ms)[0m  [1m[36mcommit transaction[0m
Redirected to http://localhost:3000/users/1
Completed 302 Found in 61ms (ActiveRecord: 0.3ms)


Started GET "/users/1" for 127.0.0.1 at 2018-08-22 20:22:08 +0700
Processing by UsersController#show as HTML
  Parameters: {"id"=>"1"}
  [1m[36mUser Load (0.1ms)[0m  [1m[34mSELECT  "users".* FROM "users" WHERE "users"."id" = ? LIMIT ?[0m  [["id", 1], ["LIMIT", 1]]
  Rendering users/show.html.erb within layouts/application
  Rendered users/show.html.erb within layouts/application (0.4ms)
  [1m[36mUser Load (0.1ms)[0m  [1m[34mSELECT  "users".* FROM "users" WHERE "users"."id" = ? LIMIT ?[0m  [["id", 1], ["LIMIT", 1]]
  Rendered layouts/_header.html.erb (1.1ms)
Completed 200 OK in 35ms (Views: 33.7ms | ActiveRecord: 0.2ms)


Started GET "/users/1" for 127.0.0.1 at 2018-08-22 20:29:37 +0700
  [1m[35m (0.2ms)[0m  [1m[34mSELECT "schema_migrations"."version" FROM "schema_migrations" ORDER BY "schema_migrations"."version" ASC[0m
Processing by UsersController#show as HTML
  Parameters: {"id"=>"1"}
  [1m[36mUser Load (0.2ms)[0m  [1m[34mSELECT  "users".* FROM "users" WHERE "users"."id" = ? LIMIT ?[0m  [["id", 1], ["LIMIT", 1]]
  Rendering users/show.html.erb within layouts/application
  Rendered users/show.html.erb within layouts/application (0.7ms)
  [1m[36mUser Load (0.1ms)[0m  [1m[34mSELECT  "users".* FROM "users" WHERE "users"."id" = ? LIMIT ?[0m  [["id", 1], ["LIMIT", 1]]
  Rendered layouts/_header.html.erb (1.8ms)
Completed 200 OK in 515ms (Views: 497.5ms | ActiveRecord: 1.0ms)


Started GET "/" for 127.0.0.1 at 2018-08-22 20:29:38 +0700
Processing by ReviewBooksController#home as HTML
  Rendering review_books/home.html.erb within layouts/application
  Rendered review_books/home.html.erb within layouts/application (13.6ms)
  [1m[36mUser Load (0.1ms)[0m  [1m[34mSELECT  "users".* FROM "users" WHERE "users"."id" = ? LIMIT ?[0m  [["id", 1], ["LIMIT", 1]]
  Rendered layouts/_header.html.erb (2.0ms)
Completed 200 OK in 76ms (Views: 72.4ms | ActiveRecord: 0.5ms)


Started DELETE "/logout" for 127.0.0.1 at 2018-08-22 20:29:40 +0700
Processing by SessionsController#destroy as HTML
  Parameters: {"authenticity_token"=>"07rlBgjALxsEINYNWrRxBRmKVnDUV17ImtoqmwAAhCAPqxLHpsFf8EddyiqaD5KTVVLqZiLoMHO2IBnz/dxfRQ=="}
  [1m[36mUser Load (0.2ms)[0m  [1m[34mSELECT  "users".* FROM "users" WHERE "users"."id" = ? LIMIT ?[0m  [["id", 1], ["LIMIT", 1]]
  [1m[35m (0.1ms)[0m  [1m[36mbegin transaction[0m
  [1m[35m (0.1ms)[0m  [1m[36mcommit transaction[0m
Redirected to http://localhost:3000/
Completed 302 Found in 5ms (ActiveRecord: 0.4ms)


Started GET "/" for 127.0.0.1 at 2018-08-22 20:29:40 +0700
Processing by ReviewBooksController#home as HTML
  Rendering review_books/home.html.erb within layouts/application
  Rendered review_books/home.html.erb within layouts/application (1.2ms)
  Rendered layouts/_header.html.erb (2.9ms)
Completed 200 OK in 51ms (Views: 50.5ms | ActiveRecord: 0.0ms)


Started GET "/login" for 127.0.0.1 at 2018-08-22 20:29:47 +0700
Processing by SessionsController#new as HTML
  Rendering sessions/new.html.erb within layouts/application
  Rendered sessions/new.html.erb within layouts/application (6.9ms)
  Rendered layouts/_header.html.erb (0.6ms)
Completed 200 OK in 37ms (Views: 34.9ms | ActiveRecord: 0.0ms)


Started POST "/login" for 127.0.0.1 at 2018-08-22 20:29:51 +0700
Processing by SessionsController#create as HTML
  Parameters: {"utf8"=>"✓", "authenticity_token"=>"PMzDuZdIHjLT9SFw28yNua+DIXYRETIiljMT9Wfk212V1lfgWyMk3tQ6mRog15q7sc8Hvmw2+oE1LiC/8lBF+w==", "session"=>{"email"=>"example@railstutorial.org", "password"=>"[FILTERED]", "remember_me"=>"0"}, "commit"=>"Log in"}
  [1m[36mUser Load (0.5ms)[0m  [1m[34mSELECT  "users".* FROM "users" WHERE "users"."email" = ? LIMIT ?[0m  [["email", "example@railstutorial.org"], ["LIMIT", 1]]
  Rendering sessions/new.html.erb within layouts/application
  Rendered sessions/new.html.erb within layouts/application (4.6ms)
  Rendered layouts/_header.html.erb (0.6ms)
Completed 200 OK in 51ms (Views: 47.6ms | ActiveRecord: 0.5ms)


Started POST "/login" for 127.0.0.1 at 2018-08-22 20:30:02 +0700
Processing by SessionsController#create as HTML
  Parameters: {"utf8"=>"✓", "authenticity_token"=>"GhqCZheE8Fl2Pn5u7FFpNm1mjRZjhMmJ0TBzsoiien7GC3WnuYWAsjVDYkks6oqgIb4xAJU7pzL9ykDadX6hGw==", "session"=>{"email"=>"tranqtrung1124@gmail.com", "password"=>"[FILTERED]", "remember_me"=>"0"}, "commit"=>"Log in"}
  [1m[36mUser Load (0.2ms)[0m  [1m[34mSELECT  "users".* FROM "users" WHERE "users"."email" = ? LIMIT ?[0m  [["email", "tranqtrung1124@gmail.com"], ["LIMIT", 1]]
  [1m[35m (0.1ms)[0m  [1m[36mbegin transaction[0m
  [1m[35m (0.1ms)[0m  [1m[36mcommit transaction[0m
Redirected to http://localhost:3000/users/1
Completed 302 Found in 60ms (ActiveRecord: 0.4ms)


Started GET "/users/1" for 127.0.0.1 at 2018-08-22 20:30:02 +0700
Processing by UsersController#show as HTML
  Parameters: {"id"=>"1"}
  [1m[36mUser Load (0.2ms)[0m  [1m[34mSELECT  "users".* FROM "users" WHERE "users"."id" = ? LIMIT ?[0m  [["id", 1], ["LIMIT", 1]]
  Rendering users/show.html.erb within layouts/application
  Rendered users/show.html.erb within layouts/application (0.3ms)
  [1m[36mUser Load (0.1ms)[0m  [1m[34mSELECT  "users".* FROM "users" WHERE "users"."id" = ? LIMIT ?[0m  [["id", 1], ["LIMIT", 1]]
  Rendered layouts/_header.html.erb (1.1ms)
Completed 200 OK in 23ms (Views: 21.0ms | ActiveRecord: 0.3ms)


Started GET "/" for 127.0.0.1 at 2018-08-22 20:30:04 +0700
Processing by ReviewBooksController#home as HTML
  Rendering review_books/home.html.erb within layouts/application
  Rendered review_books/home.html.erb within layouts/application (1.7ms)
  [1m[36mUser Load (0.1ms)[0m  [1m[34mSELECT  "users".* FROM "users" WHERE "users"."id" = ? LIMIT ?[0m  [["id", 1], ["LIMIT", 1]]
  Rendered layouts/_header.html.erb (1.1ms)
Completed 200 OK in 57ms (Views: 53.9ms | ActiveRecord: 0.1ms)


Started GET "/" for 127.0.0.1 at 2018-08-27 20:25:57 +0700
  [1m[35m (0.1ms)[0m  [1m[34mSELECT "schema_migrations"."version" FROM "schema_migrations" ORDER BY "schema_migrations"."version" ASC[0m
  
SyntaxError (/home/student/pr1802-review-books/app/helpers/application_helper.rb:5: syntax error, unexpected '<'
    base_title = <%= t ".Tutorial" %>
                  ^
/home/student/pr1802-review-books/app/helpers/application_helper.rb:5: unterminated string meets end of file):
  
app/helpers/application_helper.rb:5: syntax error, unexpected '<'
app/helpers/application_helper.rb:5: unterminated string meets end of file
app/controllers/application_controller.rb:1:in `<top (required)>'
app/controllers/review_books_controller.rb:1:in `<top (required)>'
Started GET "/" for 127.0.0.1 at 2018-08-27 20:26:45 +0700
Processing by ReviewBooksController#home as HTML
  Rendering review_books/home.html.erb within layouts/application
  Rendered review_books/home.html.erb within layouts/application (0.3ms)
  Rendered layouts/_header.html.erb (0.4ms)
Completed 500 Internal Server Error in 254ms


  
SyntaxError (/home/student/pr1802-review-books/app/views/layouts/_header.html.erb:23: syntax error, unexpected keyword_else, expecting ')'
'.freeze;         else 
                      ^
/home/student/pr1802-review-books/app/views/layouts/_header.html.erb:25: syntax error, unexpected keyword_end, expecting ')'
'.freeze;         end 
                     ^
/home/student/pr1802-review-books/app/views/layouts/_header.html.erb:31: syntax error, unexpected keyword_ensure, expecting ')'
          ensure
                ^
/home/student/pr1802-review-books/app/views/layouts/_header.html.erb:33: syntax error, unexpected keyword_end, expecting ')'
          end
             ^):
  
app/views/layouts/_header.html.erb:23: syntax error, unexpected keyword_else, expecting ')'
app/views/layouts/_header.html.erb:25: syntax error, unexpected keyword_end, expecting ')'
app/views/layouts/_header.html.erb:31: syntax error, unexpected keyword_ensure, expecting ')'
app/views/layouts/_header.html.erb:33: syntax error, unexpected keyword_end, expecting ')'
app/views/layouts/application.html.erb:15:in `_app_views_layouts_application_html_erb__1396247352329165069_69984348542560'
Started GET "/" for 127.0.0.1 at 2018-08-31 17:56:34 +0700
  [1m[35m (0.2ms)[0m  [1m[34mSELECT "schema_migrations"."version" FROM "schema_migrations" ORDER BY "schema_migrations"."version" ASC[0m
Processing by ReviewBooksController#home as HTML
  Rendering review_books/home.html.erb within layouts/application
  Rendered review_books/home.html.erb within layouts/application (0.8ms)
  Rendered layouts/_header.html.erb (0.5ms)
Completed 500 Internal Server Error in 181ms (ActiveRecord: 0.0ms)


  
SyntaxError (/home/student/pr1802-review-books/app/views/layouts/_header.html.erb:23: syntax error, unexpected keyword_else, expecting ')'
'.freeze;         else 
                      ^
/home/student/pr1802-review-books/app/views/layouts/_header.html.erb:25: syntax error, unexpected keyword_end, expecting ')'
'.freeze;         end 
                     ^
/home/student/pr1802-review-books/app/views/layouts/_header.html.erb:31: syntax error, unexpected keyword_ensure, expecting ')'
          ensure
                ^
/home/student/pr1802-review-books/app/views/layouts/_header.html.erb:33: syntax error, unexpected keyword_end, expecting ')'
          end
             ^):
  
app/views/layouts/_header.html.erb:23: syntax error, unexpected keyword_else, expecting ')'
app/views/layouts/_header.html.erb:25: syntax error, unexpected keyword_end, expecting ')'
app/views/layouts/_header.html.erb:31: syntax error, unexpected keyword_ensure, expecting ')'
app/views/layouts/_header.html.erb:33: syntax error, unexpected keyword_end, expecting ')'
app/views/layouts/application.html.erb:15:in `_app_views_layouts_application_html_erb__70216741507596550_36180720'
Started GET "/" for 127.0.0.1 at 2018-08-31 18:00:39 +0700
Processing by ReviewBooksController#home as HTML
  Rendering review_books/home.html.erb within layouts/application
  Rendered review_books/home.html.erb within layouts/application (0.9ms)
  Rendered layouts/_header.html.erb (0.6ms)
Completed 500 Internal Server Error in 26ms (ActiveRecord: 0.0ms)


  
SyntaxError (/home/student/pr1802-review-books/app/views/layouts/_header.html.erb:23: syntax error, unexpected keyword_else, expecting ')'
'.freeze;         else 
                      ^
/home/student/pr1802-review-books/app/views/layouts/_header.html.erb:25: syntax error, unexpected keyword_end, expecting ')'
'.freeze;         end 
                     ^
/home/student/pr1802-review-books/app/views/layouts/_header.html.erb:31: syntax error, unexpected keyword_ensure, expecting ')'
          ensure
                ^
/home/student/pr1802-review-books/app/views/layouts/_header.html.erb:33: syntax error, unexpected keyword_end, expecting ')'
          end
             ^):
  
app/views/layouts/_header.html.erb:23: syntax error, unexpected keyword_else, expecting ')'
app/views/layouts/_header.html.erb:25: syntax error, unexpected keyword_end, expecting ')'
app/views/layouts/_header.html.erb:31: syntax error, unexpected keyword_ensure, expecting ')'
app/views/layouts/_header.html.erb:33: syntax error, unexpected keyword_end, expecting ')'
app/views/layouts/application.html.erb:15:in `_app_views_layouts_application_html_erb__70216741507596550_69895208131800'
Started GET "/" for 127.0.0.1 at 2018-08-31 18:01:08 +0700
Processing by ReviewBooksController#home as HTML
  Rendering review_books/home.html.erb within layouts/application
  Rendered review_books/home.html.erb within layouts/application (1.4ms)
  Rendered layouts/_header.html.erb (0.5ms)
Completed 500 Internal Server Error in 35ms (ActiveRecord: 0.0ms)


  
SyntaxError (/home/student/pr1802-review-books/app/views/layouts/_header.html.erb:8: syntax error, unexpected ')', expecting keyword_then or ';' or '\n'
uffer.append=( if logged_in? );@output_buffer.safe_append='
                              ^
/home/student/pr1802-review-books/app/views/layouts/_header.html.erb:23: syntax error, unexpected keyword_else
e;@output_buffer.append=( else );@output_buffer.safe_append=
                              ^
/home/student/pr1802-review-books/app/views/layouts/_header.html.erb:25: syntax error, unexpected keyword_end, expecting ')'
'.freeze;         end 
                     ^
/home/student/pr1802-review-books/app/views/layouts/_header.html.erb:31: syntax error, unexpected keyword_ensure, expecting ')'
          ensure
                ^
/home/student/pr1802-review-books/app/views/layouts/_header.html.erb:33: syntax error, unexpected keyword_end, expecting ')'
          end
             ^):
  
app/views/layouts/_header.html.erb:8: syntax error, unexpected ')', expecting keyword_then or ';' or '\n'
app/views/layouts/_header.html.erb:23: syntax error, unexpected keyword_else
app/views/layouts/_header.html.erb:25: syntax error, unexpected keyword_end, expecting ')'
app/views/layouts/_header.html.erb:31: syntax error, unexpected keyword_ensure, expecting ')'
app/views/layouts/_header.html.erb:33: syntax error, unexpected keyword_end, expecting ')'
app/views/layouts/application.html.erb:15:in `_app_views_layouts_application_html_erb__70216741507596550_69895197030360'
Started GET "/" for 127.0.0.1 at 2018-08-31 18:01:12 +0700
Processing by ReviewBooksController#home as HTML
  Rendering review_books/home.html.erb within layouts/application
  Rendered review_books/home.html.erb within layouts/application (0.5ms)
  Rendered layouts/_header.html.erb (0.6ms)
Completed 500 Internal Server Error in 24ms (ActiveRecord: 0.0ms)


  
SyntaxError (/home/student/pr1802-review-books/app/views/layouts/_header.html.erb:23: syntax error, unexpected keyword_else, expecting ')'
'.freeze;         else 
                      ^
/home/student/pr1802-review-books/app/views/layouts/_header.html.erb:25: syntax error, unexpected keyword_end, expecting ')'
'.freeze;         end 
                     ^
/home/student/pr1802-review-books/app/views/layouts/_header.html.erb:31: syntax error, unexpected keyword_ensure, expecting ')'
          ensure
                ^
/home/student/pr1802-review-books/app/views/layouts/_header.html.erb:33: syntax error, unexpected keyword_end, expecting ')'
          end
             ^):
  
app/views/layouts/_header.html.erb:23: syntax error, unexpected keyword_else, expecting ')'
app/views/layouts/_header.html.erb:25: syntax error, unexpected keyword_end, expecting ')'
app/views/layouts/_header.html.erb:31: syntax error, unexpected keyword_ensure, expecting ')'
app/views/layouts/_header.html.erb:33: syntax error, unexpected keyword_end, expecting ')'
app/views/layouts/application.html.erb:15:in `_app_views_layouts_application_html_erb__70216741507596550_69895209640840'
Started GET "/" for 127.0.0.1 at 2018-08-31 18:01:25 +0700
Processing by ReviewBooksController#home as HTML
  Rendering review_books/home.html.erb within layouts/application
  Rendered review_books/home.html.erb within layouts/application (0.5ms)
  Rendered layouts/_header.html.erb (0.5ms)
Completed 500 Internal Server Error in 38ms (ActiveRecord: 0.0ms)


  
SyntaxError (/home/student/pr1802-review-books/app/views/layouts/_header.html.erb:25: syntax error, unexpected keyword_end, expecting ')'
'.freeze;         end 
                     ^
/home/student/pr1802-review-books/app/views/layouts/_header.html.erb:31: syntax error, unexpected keyword_ensure, expecting ')'
          ensure
                ^
/home/student/pr1802-review-books/app/views/layouts/_header.html.erb:33: syntax error, unexpected keyword_end, expecting ')'
          end
             ^):
  
app/views/layouts/_header.html.erb:25: syntax error, unexpected keyword_end, expecting ')'
app/views/layouts/_header.html.erb:31: syntax error, unexpected keyword_ensure, expecting ')'
app/views/layouts/_header.html.erb:33: syntax error, unexpected keyword_end, expecting ')'
app/views/layouts/application.html.erb:15:in `_app_views_layouts_application_html_erb__70216741507596550_69895201104580'
Started GET "/" for 127.0.0.1 at 2018-08-31 18:01:36 +0700
Processing by ReviewBooksController#home as HTML
  Rendering review_books/home.html.erb within layouts/application
  Rendered review_books/home.html.erb within layouts/application (0.5ms)
  Rendered layouts/_header.html.erb (0.5ms)
Completed 500 Internal Server Error in 28ms (ActiveRecord: 0.0ms)


  
SyntaxError (/home/student/pr1802-review-books/app/views/layouts/_header.html.erb:25: syntax error, unexpected keyword_end
ze;@output_buffer.append=( end );@output_buffer.safe_append=
                              ^
/home/student/pr1802-review-books/app/views/layouts/_header.html.erb:31: syntax error, unexpected keyword_ensure, expecting ')'
          ensure
                ^
/home/student/pr1802-review-books/app/views/layouts/_header.html.erb:33: syntax error, unexpected keyword_end, expecting ')'
          end
             ^):
  
app/views/layouts/_header.html.erb:25: syntax error, unexpected keyword_end
app/views/layouts/_header.html.erb:31: syntax error, unexpected keyword_ensure, expecting ')'
app/views/layouts/_header.html.erb:33: syntax error, unexpected keyword_end, expecting ')'
app/views/layouts/application.html.erb:15:in `_app_views_layouts_application_html_erb__70216741507596550_69895211174860'
Started GET "/" for 127.0.0.1 at 2018-08-31 18:02:08 +0700
Processing by ReviewBooksController#home as HTML
  Rendering review_books/home.html.erb within layouts/application
  Rendered review_books/home.html.erb within layouts/application (0.4ms)
  Rendered layouts/_header.html.erb (0.5ms)
Completed 500 Internal Server Error in 34ms (ActiveRecord: 0.0ms)


  
SyntaxError (/home/student/pr1802-review-books/app/views/layouts/_header.html.erb:31: syntax error, unexpected keyword_ensure, expecting ')'
          ensure
                ^
/home/student/pr1802-review-books/app/views/layouts/_header.html.erb:33: syntax error, unexpected keyword_end, expecting ')'
          end
             ^):
  
app/views/layouts/_header.html.erb:31: syntax error, unexpected keyword_ensure, expecting ')'
app/views/layouts/_header.html.erb:33: syntax error, unexpected keyword_end, expecting ')'
app/views/layouts/application.html.erb:15:in `_app_views_layouts_application_html_erb__70216741507596550_69895201505500'
Started GET "/" for 127.0.0.1 at 2018-08-31 18:02:33 +0700
Processing by ReviewBooksController#home as HTML
  Rendering review_books/home.html.erb within layouts/application
  Rendered review_books/home.html.erb within layouts/application (0.5ms)
  Rendered layouts/_header.html.erb (0.5ms)
Completed 500 Internal Server Error in 23ms (ActiveRecord: 0.0ms)


  
SyntaxError (/home/student/pr1802-review-books/app/views/layouts/_header.html.erb:31: syntax error, unexpected keyword_ensure, expecting ')'
          ensure
                ^
/home/student/pr1802-review-books/app/views/layouts/_header.html.erb:33: syntax error, unexpected keyword_end, expecting ')'
          end
             ^):
  
app/views/layouts/_header.html.erb:31: syntax error, unexpected keyword_ensure, expecting ')'
app/views/layouts/_header.html.erb:33: syntax error, unexpected keyword_end, expecting ')'
app/views/layouts/application.html.erb:15:in `_app_views_layouts_application_html_erb__70216741507596550_69895211333820'
Started GET "/" for 127.0.0.1 at 2018-08-31 18:02:49 +0700
Processing by ReviewBooksController#home as HTML
  Rendering review_books/home.html.erb within layouts/application
  Rendered review_books/home.html.erb within layouts/application (0.6ms)
  Rendered layouts/_header.html.erb (0.5ms)
Completed 500 Internal Server Error in 30ms (ActiveRecord: 0.0ms)


  
SyntaxError (/home/student/pr1802-review-books/app/views/layouts/_header.html.erb:31: syntax error, unexpected keyword_ensure, expecting ')'
          ensure
                ^
/home/student/pr1802-review-books/app/views/layouts/_header.html.erb:33: syntax error, unexpected keyword_end, expecting ')'
          end
             ^):
  
app/views/layouts/_header.html.erb:31: syntax error, unexpected keyword_ensure, expecting ')'
app/views/layouts/_header.html.erb:33: syntax error, unexpected keyword_end, expecting ')'
app/views/layouts/application.html.erb:15:in `_app_views_layouts_application_html_erb__70216741507596550_69895199129460'
Started GET "/" for 127.0.0.1 at 2018-08-31 18:03:55 +0700
  [1m[35m (0.1ms)[0m  [1m[34mSELECT "schema_migrations"."version" FROM "schema_migrations" ORDER BY "schema_migrations"."version" ASC[0m
Processing by ReviewBooksController#home as HTML
  Rendering review_books/home.html.erb within layouts/application
  Rendered review_books/home.html.erb within layouts/application (0.9ms)
  Rendered layouts/_header.html.erb (0.5ms)
Completed 500 Internal Server Error in 156ms (ActiveRecord: 0.0ms)


  
SyntaxError (/home/student/pr1802-review-books/app/views/layouts/_header.html.erb:23: syntax error, unexpected keyword_else, expecting ')'
'.freeze;         else 
                      ^
/home/student/pr1802-review-books/app/views/layouts/_header.html.erb:25: syntax error, unexpected keyword_end, expecting ')'
'.freeze;         end 
                     ^
/home/student/pr1802-review-books/app/views/layouts/_header.html.erb:31: syntax error, unexpected keyword_ensure, expecting ')'
          ensure
                ^
/home/student/pr1802-review-books/app/views/layouts/_header.html.erb:33: syntax error, unexpected keyword_end, expecting ')'
          end
             ^):
  
app/views/layouts/_header.html.erb:23: syntax error, unexpected keyword_else, expecting ')'
app/views/layouts/_header.html.erb:25: syntax error, unexpected keyword_end, expecting ')'
app/views/layouts/_header.html.erb:31: syntax error, unexpected keyword_ensure, expecting ')'
app/views/layouts/_header.html.erb:33: syntax error, unexpected keyword_end, expecting ')'
app/views/layouts/application.html.erb:15:in `_app_views_layouts_application_html_erb___361931438462888976_28971000'
Started GET "/" for 127.0.0.1 at 2018-08-31 18:11:17 +0700
Processing by ReviewBooksController#home as HTML
  Rendering review_books/home.html.erb within layouts/application
  Rendered review_books/home.html.erb within layouts/application (0.5ms)
  Rendered layouts/_header.html.erb (4.4ms)
Completed 200 OK in 31ms (Views: 29.9ms | ActiveRecord: 0.0ms)


Started GET "/" for 127.0.0.1 at 2018-08-31 18:22:46 +0700
  [1m[35m (0.1ms)[0m  [1m[34mSELECT "schema_migrations"."version" FROM "schema_migrations" ORDER BY "schema_migrations"."version" ASC[0m
Processing by ReviewBooksController#home as HTML
  Rendering review_books/home.html.erb within layouts/application
  Rendered review_books/home.html.erb within layouts/application (0.7ms)
  Rendered layouts/_header.html.erb (3.3ms)
Completed 200 OK in 1227ms (Views: 1221.4ms | ActiveRecord: 0.0ms)


Started GET "/" for 127.0.0.1 at 2018-09-07 18:23:44 +0700
  [1m[35m (0.1ms)[0m  [1m[34mSELECT "schema_migrations"."version" FROM "schema_migrations" ORDER BY "schema_migrations"."version" ASC[0m
Processing by ReviewBooksController#home as HTML
  Rendering review_books/home.html.erb within layouts/application
  Rendered review_books/home.html.erb within layouts/application (0.7ms)
  Rendered layouts/_header.html.erb (3.4ms)
Completed 200 OK in 165ms (Views: 159.5ms | ActiveRecord: 0.0ms)


Started GET "/users/1/edit" for 127.0.0.1 at 2018-09-07 18:24:02 +0700
Processing by UsersController#edit as HTML
  Parameters: {"id"=>"1"}
Redirected to http://localhost:3000/login
Filter chain halted as :logged_in_user rendered or redirected
Completed 302 Found in 1ms (ActiveRecord: 0.0ms)


Started GET "/login" for 127.0.0.1 at 2018-09-07 18:24:02 +0700
Processing by SessionsController#new as HTML
  Rendering sessions/new.html.erb within layouts/application
  Rendered sessions/new.html.erb within layouts/application (13.0ms)
Completed 500 Internal Server Error in 16ms (ActiveRecord: 0.0ms)


  
ActionView::Template::Error (wrong number of arguments (given 0, expected 1..2)):
    17:       <%= f.submit t(".Log in"), class: "btn btn-primary" %>
    18:     <% end %>
    19: 
    20:     <p>New user? <%= link_to t.(".Sign up now"), signup_path %></p>
    21:   </div>
    22: </div>
  
app/views/sessions/new.html.erb:20:in `_app_views_sessions_new_html_erb___2278977323606575113_70309838797540'
Started GET "/login" for 127.0.0.1 at 2018-09-07 18:24:17 +0700
Processing by SessionsController#new as HTML
  Rendering sessions/new.html.erb within layouts/application
  Rendered sessions/new.html.erb within layouts/application (7.6ms)
Completed 500 Internal Server Error in 13ms (ActiveRecord: 0.0ms)


  
ActionView::Template::Error (wrong number of arguments (given 0, expected 1..2)):
    17:       <%= f.submit t(".Log in"), class: "btn btn-primary" %>
    18:     <% end %>
    19: 
    20:     <p>New user? <%= link_to t.(".Sign up now"), signup_path %></p>
    21:   </div>
    22: </div>
  
app/views/sessions/new.html.erb:20:in `_app_views_sessions_new_html_erb___2278977323606575113_70309841556100'
Started GET "/" for 127.0.0.1 at 2018-09-07 18:24:20 +0700
Processing by ReviewBooksController#home as HTML
  Rendering review_books/home.html.erb within layouts/application
  Rendered review_books/home.html.erb within layouts/application (0.5ms)
  Rendered layouts/_header.html.erb (1.2ms)
Completed 200 OK in 33ms (Views: 32.5ms | ActiveRecord: 0.0ms)


Started GET "/" for 127.0.0.1 at 2018-09-07 18:24:22 +0700
Processing by ReviewBooksController#home as HTML
  Rendering review_books/home.html.erb within layouts/application
  Rendered review_books/home.html.erb within layouts/application (0.4ms)
  Rendered layouts/_header.html.erb (1.3ms)
Completed 200 OK in 25ms (Views: 24.3ms | ActiveRecord: 0.0ms)


Started GET "/" for 127.0.0.1 at 2018-09-07 18:24:24 +0700
Processing by ReviewBooksController#home as HTML
  Rendering review_books/home.html.erb within layouts/application
  Rendered review_books/home.html.erb within layouts/application (0.5ms)
  Rendered layouts/_header.html.erb (1.3ms)
Completed 200 OK in 26ms (Views: 24.8ms | ActiveRecord: 0.0ms)


Started GET "/" for 127.0.0.1 at 2018-09-07 18:24:25 +0700
Processing by ReviewBooksController#home as HTML
  Rendering review_books/home.html.erb within layouts/application
  Rendered review_books/home.html.erb within layouts/application (0.6ms)
  Rendered layouts/_header.html.erb (1.7ms)
Completed 200 OK in 32ms (Views: 31.4ms | ActiveRecord: 0.0ms)


Started GET "/" for 127.0.0.1 at 2018-09-07 18:24:25 +0700
Processing by ReviewBooksController#home as HTML
  Rendering review_books/home.html.erb within layouts/application
  Rendered review_books/home.html.erb within layouts/application (0.5ms)
  Rendered layouts/_header.html.erb (2.8ms)
Completed 200 OK in 26ms (Views: 24.9ms | ActiveRecord: 0.0ms)


Started GET "/" for 127.0.0.1 at 2018-09-07 18:24:26 +0700
Processing by ReviewBooksController#home as HTML
  Rendering review_books/home.html.erb within layouts/application
  Rendered review_books/home.html.erb within layouts/application (1.2ms)
  Rendered layouts/_header.html.erb (1.4ms)
Completed 200 OK in 53ms (Views: 51.3ms | ActiveRecord: 0.0ms)


Started GET "/login" for 127.0.0.1 at 2018-09-07 18:24:26 +0700
Processing by SessionsController#new as HTML
  Rendering sessions/new.html.erb within layouts/application
  Rendered sessions/new.html.erb within layouts/application (6.3ms)
Completed 500 Internal Server Error in 12ms (ActiveRecord: 0.0ms)


  
ActionView::Template::Error (wrong number of arguments (given 0, expected 1..2)):
    17:       <%= f.submit t(".Log in"), class: "btn btn-primary" %>
    18:     <% end %>
    19: 
    20:     <p>New user? <%= link_to t.(".Sign up now"), signup_path %></p>
    21:   </div>
    22: </div>
  
app/views/sessions/new.html.erb:20:in `_app_views_sessions_new_html_erb___2278977323606575113_70309835377860'
Started GET "/" for 127.0.0.1 at 2018-09-07 18:24:28 +0700
Processing by ReviewBooksController#home as HTML
  Rendering review_books/home.html.erb within layouts/application
  Rendered review_books/home.html.erb within layouts/application (0.6ms)
  Rendered layouts/_header.html.erb (2.7ms)
Completed 200 OK in 37ms (Views: 35.9ms | ActiveRecord: 0.0ms)


Started GET "/signup" for 127.0.0.1 at 2018-09-07 18:24:34 +0700
Processing by UsersController#new as HTML
  Rendering users/new.html.erb within layouts/application
  Rendered shared/_error_messages.html.erb (0.9ms)
  Rendered users/_form.html.erb (6.3ms)
  Rendered users/new.html.erb within layouts/application (7.7ms)
  Rendered layouts/_header.html.erb (1.1ms)
Completed 200 OK in 70ms (Views: 35.6ms | ActiveRecord: 1.8ms)


Started GET "/login" for 127.0.0.1 at 2018-09-07 18:24:46 +0700
Processing by SessionsController#new as HTML
  Rendering sessions/new.html.erb within layouts/application
  Rendered sessions/new.html.erb within layouts/application (2.8ms)
Completed 500 Internal Server Error in 5ms (ActiveRecord: 0.0ms)


  
ActionView::Template::Error (wrong number of arguments (given 0, expected 1..2)):
    17:       <%= f.submit t(".Log in"), class: "btn btn-primary" %>
    18:     <% end %>
    19: 
    20:     <p>New user? <%= link_to t.(".Sign up now"), signup_path %></p>
    21:   </div>
    22: </div>
  
app/views/sessions/new.html.erb:20:in `_app_views_sessions_new_html_erb___2278977323606575113_70309691292520'
Started GET "/login" for 127.0.0.1 at 2018-09-07 18:26:24 +0700
Processing by SessionsController#new as HTML
  Rendering sessions/new.html.erb within layouts/application
  Rendered sessions/new.html.erb within layouts/application (6.4ms)
Completed 500 Internal Server Error in 10ms (ActiveRecord: 0.0ms)


  
ActionView::Template::Error (undefined method `has_key?' for "/signup":String):
    17:       <%= f.submit t(".Log in"), class: "btn btn-primary" %>
    18:     <% end %>
    19: 
    20:     <p>New user? <%= link_to t ".Sign up now", signup_path %></p>
    21:   </div>
    22: </div>
  
app/views/sessions/new.html.erb:20:in `_app_views_sessions_new_html_erb___2278977323606575113_70309722625020'
Started GET "/login" for 127.0.0.1 at 2018-09-07 18:26:28 +0700
Processing by SessionsController#new as HTML
  Rendering sessions/new.html.erb within layouts/application
  Rendered sessions/new.html.erb within layouts/application (4.7ms)
Completed 500 Internal Server Error in 6ms (ActiveRecord: 0.0ms)


  
ActionView::Template::Error (undefined method `has_key?' for "/signup":String):
    17:       <%= f.submit t(".Log in"), class: "btn btn-primary" %>
    18:     <% end %>
    19: 
    20:     <p>New user? <%= link_to t ".Sign up now", signup_path %></p>
    21:   </div>
    22: </div>
  
app/views/sessions/new.html.erb:20:in `_app_views_sessions_new_html_erb___2278977323606575113_24587120'
Started GET "/login" for 127.0.0.1 at 2018-09-07 18:26:45 +0700
Processing by SessionsController#new as HTML
  Rendering sessions/new.html.erb within layouts/application
  Rendered sessions/new.html.erb within layouts/application (4.5ms)
Completed 500 Internal Server Error in 6ms (ActiveRecord: 0.0ms)


  
ActionView::Template::Error (undefined method `has_key?' for "/signup":String):
    17:       <%= f.submit t ".Log in", class: "btn btn-primary" %>
    18:     <% end %>
    19: 
    20:     <p>New user? <%= link_to t ".Sign up now", signup_path %></p>
    21:   </div>
    22: </div>
  
app/views/sessions/new.html.erb:20:in `_app_views_sessions_new_html_erb___2278977323606575113_70309829052760'
Started GET "/login" for 127.0.0.1 at 2018-09-07 18:31:36 +0700
Processing by SessionsController#new as HTML
  Rendering sessions/new.html.erb within layouts/application
  Rendered sessions/new.html.erb within layouts/application (7.5ms)
Completed 500 Internal Server Error in 13ms


  
ActionView::Template::Error (undefined method `has_key?' for "/signup":String):
    17:       <%= f.submit t ".login", class: "btn btn-primary" %>
    18:     <% end %>
    19: 
    20:     <p>New user? <%= link_to t ".signupnow", signup_path %></p>
    21:   </div>
    22: </div>
  
app/views/sessions/new.html.erb:20:in `_app_views_sessions_new_html_erb___2278977323606575113_70309827181660'
Started GET "/login" for 127.0.0.1 at 2018-09-07 18:32:34 +0700
Processing by SessionsController#new as HTML
  Rendering sessions/new.html.erb within layouts/application
  Rendered sessions/new.html.erb within layouts/application (4.7ms)
  Rendered layouts/_header.html.erb (1.5ms)
Completed 200 OK in 55ms (Views: 52.3ms)


Started GET "/login" for 127.0.0.1 at 2018-09-07 18:33:08 +0700
Processing by SessionsController#new as HTML
  Rendering sessions/new.html.erb within layouts/application
  Rendered sessions/new.html.erb within layouts/application (5.3ms)
  Rendered layouts/_header.html.erb (1.1ms)
Completed 200 OK in 32ms (Views: 30.8ms)


Started GET "/login" for 127.0.0.1 at 2018-09-07 18:33:36 +0700
Processing by SessionsController#new as HTML
  Rendering sessions/new.html.erb within layouts/application
  Rendered sessions/new.html.erb within layouts/application (4.0ms)
  Rendered layouts/_header.html.erb (1.2ms)
Completed 200 OK in 38ms (Views: 36.5ms)


Started GET "/login" for 127.0.0.1 at 2018-09-07 18:36:03 +0700
Processing by SessionsController#new as HTML
  Rendering sessions/new.html.erb within layouts/application
  Rendered sessions/new.html.erb within layouts/application (4.8ms)
  Rendered layouts/_header.html.erb (0.7ms)
Completed 200 OK in 31ms (Views: 30.3ms)


Started GET "/login" for 127.0.0.1 at 2018-09-07 18:38:59 +0700
Processing by SessionsController#new as HTML
  Rendering sessions/new.html.erb within layouts/application
  Rendered sessions/new.html.erb within layouts/application (5.0ms)
  Rendered layouts/_header.html.erb (0.7ms)
Completed 200 OK in 32ms (Views: 30.7ms)


Started GET "/signup" for 127.0.0.1 at 2018-09-07 18:39:01 +0700
Processing by UsersController#new as HTML
  Rendering users/new.html.erb within layouts/application
  Rendered shared/_error_messages.html.erb (0.3ms)
  Rendered users/_form.html.erb (2.7ms)
  Rendered users/new.html.erb within layouts/application (3.5ms)
  Rendered layouts/_header.html.erb (0.7ms)
Completed 200 OK in 42ms (Views: 24.5ms | ActiveRecord: 0.9ms)


Started GET "/users" for 127.0.0.1 at 2018-09-07 19:11:04 +0700
Processing by UsersController#index as HTML
Redirected to http://localhost:3000/login
Filter chain halted as :logged_in_user rendered or redirected
Completed 302 Found in 5ms


Started GET "/login" for 127.0.0.1 at 2018-09-07 19:11:04 +0700
Processing by SessionsController#new as HTML
  Rendering sessions/new.html.erb within layouts/application
  Rendered sessions/new.html.erb within layouts/application (3.0ms)
  Rendered layouts/_header.html.erb (0.7ms)
Completed 200 OK in 27ms (Views: 26.3ms)


Started GET "/signup" for 127.0.0.1 at 2018-09-07 19:34:22 +0700
  [1m[35m (0.1ms)[0m  [1m[34mSELECT "schema_migrations"."version" FROM "schema_migrations" ORDER BY "schema_migrations"."version" ASC[0m
Processing by UsersController#new as HTML
  Rendering users/new.html.erb within layouts/application
  Rendered shared/_error_messages.html.erb (0.4ms)
  Rendered users/_form.html.erb (8.3ms)
  Rendered users/new.html.erb within layouts/application (9.8ms)
  Rendered layouts/_header.html.erb (3.0ms)
Completed 200 OK in 174ms (Views: 161.0ms | ActiveRecord: 0.5ms)


Started GET "/users/1/edit" for 127.0.0.1 at 2018-09-07 19:35:07 +0700
Processing by UsersController#edit as HTML
  Parameters: {"id"=>"1"}
Redirected to http://localhost:3000/login
Filter chain halted as :logged_in_user rendered or redirected
Completed 302 Found in 1ms (ActiveRecord: 0.0ms)


Started GET "/login" for 127.0.0.1 at 2018-09-07 19:35:07 +0700
Processing by SessionsController#new as HTML
  Rendering sessions/new.html.erb within layouts/application
  Rendered sessions/new.html.erb within layouts/application (2.2ms)
  Rendered layouts/_header.html.erb (1.2ms)
Completed 200 OK in 35ms (Views: 34.0ms | ActiveRecord: 0.0ms)


